<?xml version="1.0" encoding="UTF-8"?>
<!-- Generated by org.testng.reporters.JUnitReportReporter -->
<testsuite hostname="anna-VirtualBox" name="_pass_AnnaNiemela.Calculator.AdvancedCalculatorTest" tests="5" failures="0" timestamp="2 Apr 2021 15:08:23 GMT" time="0.004" errors="0">
  <testcase name="testAbsoluteValue" time="0.000" classname="_pass_AnnaNiemela.Calculator.AdvancedCalculatorTest"/>
  <testcase name="testSquareRoot" time="0.000" classname="_pass_AnnaNiemela.Calculator.AdvancedCalculatorTest"/>
  <testcase name="testToThePowerOf" time="0.004" classname="_pass_AnnaNiemela.Calculator.AdvancedCalculatorTest"/>
  <testcase name="testPercentageOf" time="0.000" classname="_pass_AnnaNiemela.Calculator.AdvancedCalculatorTest"/>
  <testcase name="testCubeRoot" time="0.000" classname="_pass_AnnaNiemela.Calculator.AdvancedCalculatorTest"/>
</testsuite> <!-- _pass_AnnaNiemela.Calculator.AdvancedCalculatorTest -->
