<?xml version="1.0" encoding="UTF-8"?>
<!-- Generated by org.testng.reporters.JUnitReportReporter -->
<testsuite hostname="anna-VirtualBox" name="_pass_AnnaNiemela.Calculator.BasicCalculatorTest" tests="4" failures="0" timestamp="2 Apr 2021 15:08:23 GMT" time="0.000" errors="0">
  <testcase name="testMultiplication" time="0.000" classname="_pass_AnnaNiemela.Calculator.BasicCalculatorTest"/>
  <testcase name="testSubtraction" time="0.000" classname="_pass_AnnaNiemela.Calculator.BasicCalculatorTest"/>
  <testcase name="testDivision" time="0.000" classname="_pass_AnnaNiemela.Calculator.BasicCalculatorTest"/>
  <testcase name="testAddition" time="0.000" classname="_pass_AnnaNiemela.Calculator.BasicCalculatorTest"/>
</testsuite> <!-- _pass_AnnaNiemela.Calculator.BasicCalculatorTest -->
